Traceback (most recent call last):
  File "./DINV.py", line 80, in <module>
    test = ds[1,32](0.1, 0.1, 0.01, 0, 0.09)
  File "/home/jmcates/miniconda3/envs/zmcint/lib/python3.6/site-packages/numba/cuda/compiler.py", line 765, in __call__
    kernel = self.specialize(*args)
  File "/home/jmcates/miniconda3/envs/zmcint/lib/python3.6/site-packages/numba/cuda/compiler.py", line 776, in specialize
    kernel = self.compile(argtypes)
  File "/home/jmcates/miniconda3/envs/zmcint/lib/python3.6/site-packages/numba/cuda/compiler.py", line 792, in compile
    **self.targetoptions)
  File "/home/jmcates/miniconda3/envs/zmcint/lib/python3.6/site-packages/numba/compiler_lock.py", line 32, in _acquire_compile_lock
    return func(*args, **kwargs)
  File "/home/jmcates/miniconda3/envs/zmcint/lib/python3.6/site-packages/numba/cuda/compiler.py", line 62, in compile_kernel
    cres = compile_cuda(pyfunc, types.void, args, debug=debug, inline=inline)
  File "/home/jmcates/miniconda3/envs/zmcint/lib/python3.6/site-packages/numba/compiler_lock.py", line 32, in _acquire_compile_lock
    return func(*args, **kwargs)
  File "/home/jmcates/miniconda3/envs/zmcint/lib/python3.6/site-packages/numba/cuda/compiler.py", line 51, in compile_cuda
    locals={})
  File "/home/jmcates/miniconda3/envs/zmcint/lib/python3.6/site-packages/numba/compiler.py", line 941, in compile_extra
    return pipeline.compile_extra(func)
  File "/home/jmcates/miniconda3/envs/zmcint/lib/python3.6/site-packages/numba/compiler.py", line 372, in compile_extra
    return self._compile_bytecode()
  File "/home/jmcates/miniconda3/envs/zmcint/lib/python3.6/site-packages/numba/compiler.py", line 872, in _compile_bytecode
    return self._compile_core()
  File "/home/jmcates/miniconda3/envs/zmcint/lib/python3.6/site-packages/numba/compiler.py", line 859, in _compile_core
    res = pm.run(self.status)
  File "/home/jmcates/miniconda3/envs/zmcint/lib/python3.6/site-packages/numba/compiler_lock.py", line 32, in _acquire_compile_lock
    return func(*args, **kwargs)
  File "/home/jmcates/miniconda3/envs/zmcint/lib/python3.6/site-packages/numba/compiler.py", line 253, in run
    raise patched_exception
  File "/home/jmcates/miniconda3/envs/zmcint/lib/python3.6/site-packages/numba/compiler.py", line 244, in run
    stage()
  File "/home/jmcates/miniconda3/envs/zmcint/lib/python3.6/site-packages/numba/compiler.py", line 387, in stage_analyze_bytecode
    self._set_and_check_ir(func_ir)
  File "/home/jmcates/miniconda3/envs/zmcint/lib/python3.6/site-packages/numba/compiler.py", line 399, in _set_and_check_ir
    % (len(self.args), self.nargs))
TypeError: Failed in nopython mode pipeline (step: analyzing bytecode)
Signature mismatch: 5 argument types given, but function takes 6 arguments
srun: error: gpu-0-0: task 0: Exited with exit code 1
