Traceback (most recent call last):
  File "./cupy-test.py", line 7, in <module>
    result = numpy.sum(arr)
NameError: name 'arr' is not defined
srun: error: gpu-0-0: task 0: Exited with exit code 1
