Traceback (most recent call last):
  File "./vec-test.py", line 22, in <module>
    print('result =', result[0])
NameError: name 'result' is not defined
srun: error: gpu-0-0: task 0: Exited with exit code 1
